<?xml version="1.0" encoding="UTF-8"?>
<!-- Generated by org.testng.reporters.JUnitReportReporter -->
<testsuite hostname="SUDHEER" failures="0" tests="1" name="academ.HomePage" time="9.430" errors="0" timestamp="2022-04-22T15:00:30 NZST" skipped="0">
  <testcase classname="academ.HomePage" name="basePageNavigation" time="9.430"/>
  <system-out/>
</testsuite> <!-- academ.HomePage -->
