<?xml version="1.0" encoding="UTF-8"?>
<!-- Generated by org.testng.reporters.JUnitReportReporter -->
<testsuite hostname="SUDHEER" failures="0" tests="1" name="academ.validateNavigation" time="3.382" errors="0" timestamp="2022-04-22T14:24:10 NZST" skipped="0">
  <testcase classname="academ.validateNavigation" name="basePageNavigation" time="3.382"/>
  <system-out/>
</testsuite> <!-- academ.validateNavigation -->
