<?xml version="1.0" encoding="UTF-8"?>
<!-- Generated by org.testng.reporters.JUnitReportReporter -->
<testsuite skipped="0" hostname="SUDHEER" name="academ.HomePage" tests="1" failures="0" timestamp="2022-04-26T15:51:55 NZST" time="7.066" errors="0">
  <testcase name="validateHomePage" time="7.066" classname="academ.HomePage"/>
  <system-out/>
</testsuite> <!-- academ.HomePage -->
