<?xml version="1.0" encoding="UTF-8"?>
<!-- Generated by org.testng.reporters.JUnitReportReporter -->
<testsuite skipped="0" hostname="SUDHEER" name="academ.ValidateNavigation" tests="1" failures="0" timestamp="2022-04-22T15:29:11 NZST" time="3.698" errors="0">
  <testcase name="validateNavigationPage" time="3.698" classname="academ.ValidateNavigation"/>
  <system-out/>
</testsuite> <!-- academ.ValidateNavigation -->
